<?xml version="1.0" encoding="UTF-8"?>
<testsuite xmlns:xsi="http://www.w3.org/2001/XMLSchema-instance" xsi:noNamespaceSchemaLocation="https://maven.apache.org/surefire/maven-surefire-plugin/xsd/surefire-test-report-3.0.xsd" version="3.0" name="TestSuite" time="168.328" tests="4" errors="0" skipped="0" failures="3">
  <properties>
[...]
</properties>
  <testcase name="testValidLogin" classname="Scripts.NewTestDocuments" time="36.728">
    <failure message="no such element: Unable to locate element: {&quot;method&quot;:&quot;xpath&quot;,&quot;selector&quot;:&quot;//select[@id=&apos;rooms&apos;]&quot;}&#10;  (Session info: chrome=129.0.6668.100)&#10;For documentation on this error, please visit: https://www.seleniumhq.org/exceptions/no_such_element.html&#10;Build info: version: &apos;3.141.59&apos;, revision: &apos;e82be7d358&apos;, time: &apos;2018-11-14T08:17:03&apos;&#10;System info: host: &apos;CIPLWKT011&apos;, ip: &apos;10.4.8.11&apos;, os.name: &apos;Windows 11&apos;, os.arch: &apos;amd64&apos;, os.version: &apos;10.0&apos;, java.version: &apos;22.0.2&apos;&#10;Driver info: org.openqa.selenium.chrome.ChromeDriver&#10;Capabilities {acceptInsecureCerts: false, browserName: chrome, browserVersion: 129.0.6668.100, chrome: {chromedriverVersion: 128.0.6613.137 (fe621c5aa2d..., userDataDir: C:\Users\vidya.h\AppData\Lo...}, fedcm:accounts: true, goog:chromeOptions: {debuggerAddress: localhost:55780}, javascriptEnabled: true, networkConnectionEnabled: false, pageLoadStrategy: normal, platform: WINDOWS, platformName: WINDOWS, proxy: Proxy(), setWindowRect: true, strictFileInteractability: false, timeouts: {implicit: 0, pageLoad: 300000, script: 30000}, unhandledPromptBehavior: dismiss and notify, webauthn:extension:credBlob: true, webauthn:extension:largeBlob: true, webauthn:extension:minPinLength: true, webauthn:extension:prf: true, webauthn:virtualAuthenticators: true}&#10;Session ID: ab61a74be8ee317e57de9706a2f37ebf&#10;*** Element info: {Using=xpath, value=//select[@id=&apos;rooms&apos;]}" type="org.openqa.selenium.NoSuchElementException"><![CDATA[org.openqa.selenium.NoSuchElementException: 
no such element: Unable to locate element: {"method":"xpath","selector":"//select[@id='rooms']"}
  (Session info: chrome=129.0.6668.100)
For documentation on this error, please visit: https://www.seleniumhq.org/exceptions/no_such_element.html
Build info: version: '3.141.59', revision: 'e82be7d358', time: '2018-11-14T08:17:03'
System info: host: 'CIPLWKT011', ip: '10.4.8.11', os.name: 'Windows 11', os.arch: 'amd64', os.version: '10.0', java.version: '22.0.2'
Driver info: org.openqa.selenium.chrome.ChromeDriver
Capabilities {acceptInsecureCerts: false, browserName: chrome, browserVersion: 129.0.6668.100, chrome: {chromedriverVersion: 128.0.6613.137 (fe621c5aa2d..., userDataDir: C:\Users\vidya.h\AppData\Lo...}, fedcm:accounts: true, goog:chromeOptions: {debuggerAddress: localhost:55780}, javascriptEnabled: true, networkConnectionEnabled: false, pageLoadStrategy: normal, platform: WINDOWS, platformName: WINDOWS, proxy: Proxy(), setWindowRect: true, strictFileInteractability: false, timeouts: {implicit: 0, pageLoad: 300000, script: 30000}, unhandledPromptBehavior: dismiss and notify, webauthn:extension:credBlob: true, webauthn:extension:largeBlob: true, webauthn:extension:minPinLength: true, webauthn:extension:prf: true, webauthn:virtualAuthenticators: true}
Session ID: ab61a74be8ee317e57de9706a2f37ebf
*** Element info: {Using=xpath, value=//select[@id='rooms']}
	at Scripts.NewTestDocuments.testValidLogin(NewTestDocuments.java:32)
]]></failure>
    <system-out><![CDATA[Username:vidya
Password:syntax@10
Room:TestServer_2024B264bit.CV2024B2_64bitDB
TestServer_2024B264bit.CV24B2_LargeDB
TestServer_2024B264bit.CV2024B2_64bitDB
TestServer_2024B264bit.CaseSensitive_DB
TestServer_2024B264bit.CV2024_B2_ORA64bitDB
Remember me checkbox is selected
Session message is not displayed
Excel value is not entered
Username: 
Password:
Excel value is not entered
Room: 
]]></system-out>
    <system-err><![CDATA[Starting ChromeDriver 128.0.6613.137 (fe621c5aa2d6b987e964fb1b5066833da5fb613d-refs/branch-heads/6613@{#1711}) on port 8248
Only local connections are allowed.
Please see https://chromedriver.chromium.org/security-considerations for suggestions on keeping ChromeDriver safe.
ChromeDriver was started successfully on port 8248.
[1728979523.801][WARNING]: This version of ChromeDriver has not been tested with Chrome version 129.
Oct 15, 2024 1:35:25 PM org.openqa.selenium.remote.ProtocolHandshake createSession
INFO: Detected dialect: W3C
]]></system-err>
  </testcase>
  <testcase name="Createopen" classname="Scripts.NewTestDocuments" time="10.272">
    <system-out><![CDATA[Successfully captured a screenshot
Cabinet:: Export
Drawer:: New Drawer
Folder:: Folder New
]]></system-out>
  </testcase>
  <testcase name="Createdoc1" classname="Scripts.NewTestDocuments" time="99.431">
    <failure message="Expected condition failed: waiting for element to be clickable: Proxy element for: DefaultElementLocator &apos;By.xpath: //span[@id=&apos;logedinusername&apos;]&apos; (tried for 10 second(s) with 500 milliseconds interval)" type="org.openqa.selenium.TimeoutException"><![CDATA[org.openqa.selenium.TimeoutException: Expected condition failed: waiting for element to be clickable: Proxy element for: DefaultElementLocator 'By.xpath: //span[@id='logedinusername']' (tried for 10 second(s) with 500 milliseconds interval)
	at Scripts.NewTestDocuments.Createdoc1(NewTestDocuments.java:54)
Caused by: org.openqa.selenium.NoSuchElementException: 
no such element: Unable to locate element: {"method":"xpath","selector":"//span[@id='logedinusername']"}
  (Session info: chrome=129.0.6668.100)
For documentation on this error, please visit: https://www.seleniumhq.org/exceptions/no_such_element.html
Build info: version: '3.141.59', revision: 'e82be7d358', time: '2018-11-14T08:17:03'
System info: host: 'CIPLWKT011', ip: '10.4.8.11', os.name: 'Windows 11', os.arch: 'amd64', os.version: '10.0', java.version: '22.0.2'
Driver info: org.openqa.selenium.chrome.ChromeDriver
Capabilities {acceptInsecureCerts: false, browserName: chrome, browserVersion: 129.0.6668.100, chrome: {chromedriverVersion: 128.0.6613.137 (fe621c5aa2d..., userDataDir: C:\Users\vidya.h\AppData\Lo...}, fedcm:accounts: true, goog:chromeOptions: {debuggerAddress: localhost:55780}, javascriptEnabled: true, networkConnectionEnabled: false, pageLoadStrategy: normal, platform: WINDOWS, platformName: WINDOWS, proxy: Proxy(), setWindowRect: true, strictFileInteractability: false, timeouts: {implicit: 0, pageLoad: 300000, script: 30000}, unhandledPromptBehavior: dismiss and notify, webauthn:extension:credBlob: true, webauthn:extension:largeBlob: true, webauthn:extension:minPinLength: true, webauthn:extension:prf: true, webauthn:virtualAuthenticators: true}
Session ID: ab61a74be8ee317e57de9706a2f37ebf
*** Element info: {Using=xpath, value=//span[@id='logedinusername']}
	at Scripts.NewTestDocuments.Createdoc1(NewTestDocuments.java:54)
]]></failure>
    <system-out><![CDATA[DocumentType is:CVReports
IndexValue is:Test document
New Document Button is clicked 
Menu items areBrowse...
Camera
Scan...
New Word Document
New Excel Spreadsheet
New Pdf Document
Menu items are displayed
Browse icon is not found 
FileName: Canon scan.TIF
FileName: Color40910009.jpg
FileName: CSI1470821R, PI IND; JOB 1131.pdf
FileName: CU3045DEMO.tif
FileName: Email id.png
FileName: Page1.djvu
Pages are uploaded successfully
Alert is not present
Folder location is: Export\New Drawer\Folder New
document type is selected
Index value is:Test document
Create Button is clicked 
Navigate Button is clicked 
Recent Folder::[[ChromeDriver: chrome on WINDOWS (ab61a74be8ee317e57de9706a2f37ebf)] -> xpath: //table[@id='recentFolders']/tbody/tr[1]/td[1]]
Recent Document::[[ChromeDriver: chrome on WINDOWS (ab61a74be8ee317e57de9706a2f37ebf)] -> xpath: .//table[@id='recentDocuments']/tbody/tr[1]/td[1]]
The alert is not present
Closing the viewer
Logout Button is clicked 
]]></system-out>
  </testcase>
  <testcase name="ViewerToolbar" classname="Scripts.NewTestDocuments" time="10.198">
    <failure message="no such element: Unable to locate element: {&quot;method&quot;:&quot;xpath&quot;,&quot;selector&quot;:&quot;//a[@id=&apos;createDocument&apos;]&quot;}&#10;  (Session info: chrome=129.0.6668.100)&#10;For documentation on this error, please visit: https://www.seleniumhq.org/exceptions/no_such_element.html&#10;Build info: version: &apos;3.141.59&apos;, revision: &apos;e82be7d358&apos;, time: &apos;2018-11-14T08:17:03&apos;&#10;System info: host: &apos;CIPLWKT011&apos;, ip: &apos;10.4.8.11&apos;, os.name: &apos;Windows 11&apos;, os.arch: &apos;amd64&apos;, os.version: &apos;10.0&apos;, java.version: &apos;22.0.2&apos;&#10;Driver info: org.openqa.selenium.chrome.ChromeDriver&#10;Capabilities {acceptInsecureCerts: false, browserName: chrome, browserVersion: 129.0.6668.100, chrome: {chromedriverVersion: 128.0.6613.137 (fe621c5aa2d..., userDataDir: C:\Users\vidya.h\AppData\Lo...}, fedcm:accounts: true, goog:chromeOptions: {debuggerAddress: localhost:55780}, javascriptEnabled: true, networkConnectionEnabled: false, pageLoadStrategy: normal, platform: WINDOWS, platformName: WINDOWS, proxy: Proxy(), setWindowRect: true, strictFileInteractability: false, timeouts: {implicit: 0, pageLoad: 300000, script: 30000}, unhandledPromptBehavior: dismiss and notify, webauthn:extension:credBlob: true, webauthn:extension:largeBlob: true, webauthn:extension:minPinLength: true, webauthn:extension:prf: true, webauthn:virtualAuthenticators: true}&#10;Session ID: ab61a74be8ee317e57de9706a2f37ebf&#10;*** Element info: {Using=xpath, value=//a[@id=&apos;createDocument&apos;]}" type="org.openqa.selenium.NoSuchElementException"><![CDATA[org.openqa.selenium.NoSuchElementException: 
no such element: Unable to locate element: {"method":"xpath","selector":"//a[@id='createDocument']"}
  (Session info: chrome=129.0.6668.100)
For documentation on this error, please visit: https://www.seleniumhq.org/exceptions/no_such_element.html
Build info: version: '3.141.59', revision: 'e82be7d358', time: '2018-11-14T08:17:03'
System info: host: 'CIPLWKT011', ip: '10.4.8.11', os.name: 'Windows 11', os.arch: 'amd64', os.version: '10.0', java.version: '22.0.2'
Driver info: org.openqa.selenium.chrome.ChromeDriver
Capabilities {acceptInsecureCerts: false, browserName: chrome, browserVersion: 129.0.6668.100, chrome: {chromedriverVersion: 128.0.6613.137 (fe621c5aa2d..., userDataDir: C:\Users\vidya.h\AppData\Lo...}, fedcm:accounts: true, goog:chromeOptions: {debuggerAddress: localhost:55780}, javascriptEnabled: true, networkConnectionEnabled: false, pageLoadStrategy: normal, platform: WINDOWS, platformName: WINDOWS, proxy: Proxy(), setWindowRect: true, strictFileInteractability: false, timeouts: {implicit: 0, pageLoad: 300000, script: 30000}, unhandledPromptBehavior: dismiss and notify, webauthn:extension:credBlob: true, webauthn:extension:largeBlob: true, webauthn:extension:minPinLength: true, webauthn:extension:prf: true, webauthn:virtualAuthenticators: true}
Session ID: ab61a74be8ee317e57de9706a2f37ebf
*** Element info: {Using=xpath, value=//a[@id='createDocument']}
	at Scripts.NewTestDocuments.ViewerToolbar(NewTestDocuments.java:61)
]]></failure>
    <system-out><![CDATA[Successfully captured a screenshot
DocumentType is:CVReports
IndexValue is:Test document
]]></system-out>
  </testcase>
</testsuite>